{
  "stats": {
    "suites": 1,
    "tests": 6,
    "passes": 5,
    "pending": 0,
    "failures": 1,
    "start": "2025-03-23T04:21:40.822Z",
    "end": "2025-03-23T04:21:53.438Z",
    "duration": 12616,
    "testsRegistered": 6,
    "passPercent": 83.33333333333334,
    "pendingPercent": 0,
    "other": 0,
    "hasOther": false,
    "skipped": 0,
    "hasSkipped": false
  },
  "results": [
    {
      "uuid": "77614ac4-8bf3-47fc-81b6-c26dd210bec3",
      "title": "",
      "fullFile": "cypress/e2e/jsonConverter.cy.js",
      "file": "cypress/e2e/jsonConverter.cy.js",
      "beforeHooks": [],
      "afterHooks": [],
      "tests": [],
      "suites": [
        {
          "uuid": "65b39992-a345-485f-9f6e-eb29bc61c50e",
          "title": "Excel File Uploader & Converter",
          "fullFile": "",
          "file": "",
          "beforeHooks": [],
          "afterHooks": [],
          "tests": [
            {
              "title": "Upload Excel and Convert to JS [C1]",
              "fullTitle": "Excel File Uploader & Converter Upload Excel and Convert to JS [C1]",
              "timedOut": null,
              "duration": 1433,
              "state": "passed",
              "speed": "fast",
              "pass": true,
              "fail": false,
              "pending": false,
              "context": null,
              "code": "cy.get('[data-testid=\"variable-name-input-field\"]').should('be.visible').type('JSVariable').should('have.value', 'JSVariable');\ncy.get('button[role=\"combobox\"]').click();\ncy.get('select').select('JavaScript', {\n  force: true\n});\ncy.get('span[data-slot=\"select-value\"]').should('have.text', 'JavaScript');\n// Upload the Excel file\ncy.get('input[type=\"file\"]').selectFile('cypress/fixtures/2Game_of_Thrones_Cast_List_with_Earnings.xlsx', {\n  force: true\n});\ncy.get('[data-testid=\"totalEntries_count\"]').should('be.visible');",
              "err": {},
              "uuid": "75114160-bcd9-4287-99c2-c49968ebe268",
              "parentUUID": "65b39992-a345-485f-9f6e-eb29bc61c50e",
              "isHook": false,
              "skipped": false
            },
            {
              "title": "Upload Excel and Convert to JSON [C2]",
              "fullTitle": "Excel File Uploader & Converter Upload Excel and Convert to JSON [C2]",
              "timedOut": null,
              "duration": 10269,
              "state": "failed",
              "speed": null,
              "pass": false,
              "fail": true,
              "pending": false,
              "context": null,
              "code": "cy.get('[data-testid=\"variable-name-input-field\"]').should('be.visible').type('JSONVariable').should('have.value', 'JSVariable');\ncy.get('button[role=\"combobox\"]').click();\ncy.get('select').select('Json', {\n  force: true\n});\ncy.get('span[data-slot=\"select-value\"]').should('have.text', 'JavaScript');\n// Upload the Excel file\ncy.get('input[type=\"file\"]').selectFile('cypress/fixtures/2Game_of_Thrones_Cast_List_with_Earnings.xlsx', {\n  force: true\n});\ncy.get('[data-testid=\"totalEntries_count\"]').should('be.visible');",
              "err": {
                "message": "AssertionError: Timed out retrying after 10000ms: expected '<input#«R6jrnbl7»-form-item.border.p-2.w-full>' to have value 'JSVariable', but the value was 'JSONVariable'",
                "estack": "AssertionError: Timed out retrying after 10000ms: expected '<input#«R6jrnbl7»-form-item.border.p-2.w-full>' to have value 'JSVariable', but the value was 'JSONVariable'\n    at Context.eval (webpack://xlxconvertcompare/./cypress/e2e/jsonConverter.cy.js:23:108)",
                "diff": "- 'JSONVariable'\n+ 'JSVariable'\n"
              },
              "uuid": "3e90ea99-4c37-4c3c-87a4-80c370041637",
              "parentUUID": "65b39992-a345-485f-9f6e-eb29bc61c50e",
              "isHook": false,
              "skipped": false
            },
            {
              "title": "Upload Excel and Convert to C# [C4]",
              "fullTitle": "Excel File Uploader & Converter Upload Excel and Convert to C# [C4]",
              "timedOut": null,
              "duration": 226,
              "state": "passed",
              "speed": "fast",
              "pass": true,
              "fail": false,
              "pending": false,
              "context": null,
              "code": "",
              "err": {},
              "uuid": "3afc7877-bf58-48fc-b341-4b64214acfc8",
              "parentUUID": "65b39992-a345-485f-9f6e-eb29bc61c50e",
              "isHook": false,
              "skipped": false
            },
            {
              "title": "Upload Excel and Convert to TypeScript [C3]",
              "fullTitle": "Excel File Uploader & Converter Upload Excel and Convert to TypeScript [C3]",
              "timedOut": null,
              "duration": 178,
              "state": "passed",
              "speed": "fast",
              "pass": true,
              "fail": false,
              "pending": false,
              "context": null,
              "code": "",
              "err": {},
              "uuid": "3d49735b-09c2-4f37-8552-1dee8db85bc7",
              "parentUUID": "65b39992-a345-485f-9f6e-eb29bc61c50e",
              "isHook": false,
              "skipped": false
            },
            {
              "title": "Upload Excel and Convert to Python [C5]",
              "fullTitle": "Excel File Uploader & Converter Upload Excel and Convert to Python [C5]",
              "timedOut": null,
              "duration": 175,
              "state": "passed",
              "speed": "fast",
              "pass": true,
              "fail": false,
              "pending": false,
              "context": null,
              "code": "",
              "err": {},
              "uuid": "c29b530a-ccdd-4c4c-bf50-b96cfa2d91d4",
              "parentUUID": "65b39992-a345-485f-9f6e-eb29bc61c50e",
              "isHook": false,
              "skipped": false
            },
            {
              "title": "Upload Excel and Convert to Any format and switch [C6]",
              "fullTitle": "Excel File Uploader & Converter Upload Excel and Convert to Any format and switch [C6]",
              "timedOut": null,
              "duration": 168,
              "state": "passed",
              "speed": "fast",
              "pass": true,
              "fail": false,
              "pending": false,
              "context": null,
              "code": "",
              "err": {},
              "uuid": "1705e2b4-af79-40ca-b7d9-5f7feafddc06",
              "parentUUID": "65b39992-a345-485f-9f6e-eb29bc61c50e",
              "isHook": false,
              "skipped": false
            }
          ],
          "suites": [],
          "passes": [
            "75114160-bcd9-4287-99c2-c49968ebe268",
            "3afc7877-bf58-48fc-b341-4b64214acfc8",
            "3d49735b-09c2-4f37-8552-1dee8db85bc7",
            "c29b530a-ccdd-4c4c-bf50-b96cfa2d91d4",
            "1705e2b4-af79-40ca-b7d9-5f7feafddc06"
          ],
          "failures": [
            "3e90ea99-4c37-4c3c-87a4-80c370041637"
          ],
          "pending": [],
          "skipped": [],
          "duration": 12449,
          "root": false,
          "rootEmpty": false,
          "_timeout": 2000
        }
      ],
      "passes": [],
      "failures": [],
      "pending": [],
      "skipped": [],
      "duration": 0,
      "root": true,
      "rootEmpty": true,
      "_timeout": 2000
    }
  ],
  "meta": {
    "mocha": {
      "version": "7.0.1"
    },
    "mochawesome": {
      "options": {
        "quiet": false,
        "reportFilename": "mochawesome",
        "saveHtml": false,
        "saveJson": true,
        "consoleReporter": "spec",
        "useInlineDiffs": false,
        "code": true
      },
      "version": "7.1.3"
    },
    "marge": {
      "options": {
        "reportDir": "cypress/reports/.jsons",
        "overwrite": false,
        "html": false,
        "json": true
      },
      "version": "6.2.0"
    }
  }
}