{
  "stats": {
    "suites": 1,
    "tests": 6,
    "passes": 5,
    "pending": 0,
    "failures": 1,
    "start": "2025-03-23T17:04:19.495Z",
    "end": "2025-03-23T17:04:32.136Z",
    "duration": 12641,
    "testsRegistered": 6,
    "passPercent": 83.33333333333334,
    "pendingPercent": 0,
    "other": 0,
    "hasOther": false,
    "skipped": 0,
    "hasSkipped": false
  },
  "results": [
    {
      "uuid": "87ad0e60-205e-4def-9175-b5904460ec0c",
      "title": "",
      "fullFile": "cypress/e2e/jsonConverter.cy.js",
      "file": "cypress/e2e/jsonConverter.cy.js",
      "beforeHooks": [],
      "afterHooks": [],
      "tests": [],
      "suites": [
        {
          "uuid": "ef12974c-3c4a-42b5-933b-1c139a296a09",
          "title": "Excel File Uploader & Converter",
          "fullFile": "",
          "file": "",
          "beforeHooks": [],
          "afterHooks": [],
          "tests": [
            {
              "title": "Upload Excel and Convert to JS [C1]",
              "fullTitle": "Excel File Uploader & Converter Upload Excel and Convert to JS [C1]",
              "timedOut": null,
              "duration": 1436,
              "state": "passed",
              "speed": "fast",
              "pass": true,
              "fail": false,
              "pending": false,
              "context": null,
              "code": "cy.get('[data-testid=\"variable-name-input-field\"]').should('be.visible').type('JSVariable').should('have.value', 'JSVariable');\ncy.get('button[role=\"combobox\"]').click();\ncy.get('select').select('JavaScript', {\n  force: true\n});\ncy.get('span[data-slot=\"select-value\"]').should('have.text', 'JavaScript');\n// Upload the Excel file\ncy.get('input[type=\"file\"]').selectFile('cypress/fixtures/2Game_of_Thrones_Cast_List_with_Earnings.xlsx', {\n  force: true\n});\ncy.get('[data-testid=\"totalEntries_count\"]').should('be.visible');",
              "err": {},
              "uuid": "b8e00017-ad1a-41af-b3b7-8e28001c3652",
              "parentUUID": "ef12974c-3c4a-42b5-933b-1c139a296a09",
              "isHook": false,
              "skipped": false
            },
            {
              "title": "Upload Excel and Convert to JSON [C2]",
              "fullTitle": "Excel File Uploader & Converter Upload Excel and Convert to JSON [C2]",
              "timedOut": null,
              "duration": 10272,
              "state": "failed",
              "speed": null,
              "pass": false,
              "fail": true,
              "pending": false,
              "context": null,
              "code": "cy.get('[data-testid=\"variable-name-input-field\"]').should('be.visible').type('JSONVariable').should('have.value', 'JSVariable');\ncy.get('button[role=\"combobox\"]').click();\ncy.get('select').select('Json', {\n  force: true\n});\ncy.get('span[data-slot=\"select-value\"]').should('have.text', 'JavaScript');\n// Upload the Excel file\ncy.get('input[type=\"file\"]').selectFile('cypress/fixtures/2Game_of_Thrones_Cast_List_with_Earnings.xlsx', {\n  force: true\n});\ncy.get('[data-testid=\"totalEntries_count\"]').should('be.visible');",
              "err": {
                "message": "AssertionError: Timed out retrying after 10000ms: expected '<input#«R6jrnbl7»-form-item.border.p-2.w-full>' to have value 'JSVariable', but the value was 'JSONVariable'",
                "estack": "AssertionError: Timed out retrying after 10000ms: expected '<input#«R6jrnbl7»-form-item.border.p-2.w-full>' to have value 'JSVariable', but the value was 'JSONVariable'\n    at Context.eval (webpack://xlxconvertcompare/./cypress/e2e/jsonConverter.cy.js:23:108)",
                "diff": "- 'JSONVariable'\n+ 'JSVariable'\n"
              },
              "uuid": "6a4ed1fa-2278-4bfc-9ed2-2450fd25329f",
              "parentUUID": "ef12974c-3c4a-42b5-933b-1c139a296a09",
              "isHook": false,
              "skipped": false
            },
            {
              "title": "Upload Excel and Convert to C# [C4]",
              "fullTitle": "Excel File Uploader & Converter Upload Excel and Convert to C# [C4]",
              "timedOut": null,
              "duration": 219,
              "state": "passed",
              "speed": "fast",
              "pass": true,
              "fail": false,
              "pending": false,
              "context": null,
              "code": "",
              "err": {},
              "uuid": "b48270df-17f7-4161-9634-1b5f9bfd586f",
              "parentUUID": "ef12974c-3c4a-42b5-933b-1c139a296a09",
              "isHook": false,
              "skipped": false
            },
            {
              "title": "Upload Excel and Convert to TypeScript [C3]",
              "fullTitle": "Excel File Uploader & Converter Upload Excel and Convert to TypeScript [C3]",
              "timedOut": null,
              "duration": 185,
              "state": "passed",
              "speed": "fast",
              "pass": true,
              "fail": false,
              "pending": false,
              "context": null,
              "code": "",
              "err": {},
              "uuid": "acace58c-65b1-4644-b95b-e67647ba3bf3",
              "parentUUID": "ef12974c-3c4a-42b5-933b-1c139a296a09",
              "isHook": false,
              "skipped": false
            },
            {
              "title": "Upload Excel and Convert to Python [C5]",
              "fullTitle": "Excel File Uploader & Converter Upload Excel and Convert to Python [C5]",
              "timedOut": null,
              "duration": 183,
              "state": "passed",
              "speed": "fast",
              "pass": true,
              "fail": false,
              "pending": false,
              "context": null,
              "code": "",
              "err": {},
              "uuid": "c9f31df7-e9d3-49fe-965e-fa2eadfb2a56",
              "parentUUID": "ef12974c-3c4a-42b5-933b-1c139a296a09",
              "isHook": false,
              "skipped": false
            },
            {
              "title": "Upload Excel and Convert to Any format and switch [C6]",
              "fullTitle": "Excel File Uploader & Converter Upload Excel and Convert to Any format and switch [C6]",
              "timedOut": null,
              "duration": 178,
              "state": "passed",
              "speed": "fast",
              "pass": true,
              "fail": false,
              "pending": false,
              "context": null,
              "code": "",
              "err": {},
              "uuid": "9026e046-e778-4456-a3cb-3b65fcb1cedb",
              "parentUUID": "ef12974c-3c4a-42b5-933b-1c139a296a09",
              "isHook": false,
              "skipped": false
            }
          ],
          "suites": [],
          "passes": [
            "b8e00017-ad1a-41af-b3b7-8e28001c3652",
            "b48270df-17f7-4161-9634-1b5f9bfd586f",
            "acace58c-65b1-4644-b95b-e67647ba3bf3",
            "c9f31df7-e9d3-49fe-965e-fa2eadfb2a56",
            "9026e046-e778-4456-a3cb-3b65fcb1cedb"
          ],
          "failures": [
            "6a4ed1fa-2278-4bfc-9ed2-2450fd25329f"
          ],
          "pending": [],
          "skipped": [],
          "duration": 12473,
          "root": false,
          "rootEmpty": false,
          "_timeout": 2000
        }
      ],
      "passes": [],
      "failures": [],
      "pending": [],
      "skipped": [],
      "duration": 0,
      "root": true,
      "rootEmpty": true,
      "_timeout": 2000
    }
  ],
  "meta": {
    "mocha": {
      "version": "7.0.1"
    },
    "mochawesome": {
      "options": {
        "quiet": false,
        "reportFilename": "mochawesome",
        "saveHtml": false,
        "saveJson": true,
        "consoleReporter": "spec",
        "useInlineDiffs": false,
        "code": true
      },
      "version": "7.1.3"
    },
    "marge": {
      "options": {
        "reportDir": "cypress/reports/.jsons",
        "overwrite": false,
        "html": false,
        "json": true
      },
      "version": "6.2.0"
    }
  }
}