{
  "stats": {
    "suites": 1,
    "tests": 6,
    "passes": 2,
    "pending": 0,
    "failures": 4,
    "start": "2025-03-23T21:23:07.240Z",
    "end": "2025-03-23T21:23:50.713Z",
    "duration": 43473,
    "testsRegistered": 6,
    "passPercent": 33.33333333333333,
    "pendingPercent": 0,
    "other": 0,
    "hasOther": false,
    "skipped": 0,
    "hasSkipped": false
  },
  "results": [
    {
      "uuid": "1c5022b0-59bf-46ea-8adf-0febae45f7a0",
      "title": "",
      "fullFile": "cypress/e2e/excelConverter.cy.js",
      "file": "cypress/e2e/excelConverter.cy.js",
      "beforeHooks": [],
      "afterHooks": [],
      "tests": [],
      "suites": [
        {
          "uuid": "ba5fdd2d-f447-4bf7-9dc3-c2a427fd5c1c",
          "title": "Excel File Uploader & Converter",
          "fullFile": "",
          "file": "",
          "beforeHooks": [],
          "afterHooks": [],
          "tests": [
            {
              "title": "Upload Excel and Convert to JS [C9]",
              "fullTitle": "Excel File Uploader & Converter Upload Excel and Convert to JS [C9]",
              "timedOut": null,
              "duration": 10915,
              "state": "failed",
              "speed": null,
              "pass": false,
              "fail": true,
              "pending": false,
              "context": null,
              "code": "cy.get('[data-testid=\"variable-name-input-field\"]').should('be.visible').type('JSVariable').should('have.value', 'JSVariable');\ncy.get('button[role=\"combobox\"]').click();\ncy.get('select').select('JavaScript', {\n  force: true\n});\ncy.get('span[data-slot=\"select-value\"]').should('have.text', 'JavaSript');\n// Upload the Excel file\ncy.get('input[type=\"file\"]').selectFile('cypress/fixtures/2Game_of_Thrones_Cast_List_with_Earnings.xlsx', {\n  force: true\n});\ncy.get('[data-testid=\"totalEntries_count\"]').should('be.visible');",
              "err": {
                "message": "AssertionError: Timed out retrying after 10000ms: expected '<span>' to have text 'JavaSript', but the text was 'JavaScript'",
                "estack": "AssertionError: Timed out retrying after 10000ms: expected '<span>' to have text 'JavaSript', but the text was 'JavaScript'\n    at Context.eval (webpack://xlxconvertcompare/./cypress/e2e/excelConverter.cy.js:15:51)",
                "diff": "- 'JavaScript'\n+ 'JavaSript'\n"
              },
              "uuid": "dac95024-d83a-4941-b37a-dc662ea6a546",
              "parentUUID": "ba5fdd2d-f447-4bf7-9dc3-c2a427fd5c1c",
              "isHook": false,
              "skipped": false
            },
            {
              "title": "Upload Excel and Convert to JSON [C7]",
              "fullTitle": "Excel File Uploader & Converter Upload Excel and Convert to JSON [C7]",
              "timedOut": null,
              "duration": 10309,
              "state": "failed",
              "speed": null,
              "pass": false,
              "fail": true,
              "pending": false,
              "context": null,
              "code": "cy.get('[data-testid=\"variable-name-input-field\"]').should('be.visible').type('JSONVariable').should('have.value', 'Json');\ncy.get('button[role=\"combobox\"]').click();\ncy.get('select').select('Json', {\n  force: true\n});\ncy.get('span[data-slot=\"select-value\"]').should('have.text', 'Json');\n// Upload the Excel file\ncy.get('input[type=\"file\"]').selectFile('cypress/fixtures/2Game_of_Thrones_Cast_List_with_Earnings.xlsx', {\n  force: true\n});\ncy.get('[data-testid=\"totalEntries_count\"]').should('be.visible');",
              "err": {
                "message": "AssertionError: Timed out retrying after 10000ms: expected '<input#«R6jrnbl7»-form-item.border.p-2.w-full>' to have value 'Json', but the value was 'JSONVariable'",
                "estack": "AssertionError: Timed out retrying after 10000ms: expected '<input#«R6jrnbl7»-form-item.border.p-2.w-full>' to have value 'Json', but the value was 'JSONVariable'\n    at Context.eval (webpack://xlxconvertcompare/./cypress/e2e/excelConverter.cy.js:23:108)",
                "diff": "- 'JSONVariable'\n+ 'Json'\n"
              },
              "uuid": "3d0b09c4-d3c6-4eff-b245-bafc69460725",
              "parentUUID": "ba5fdd2d-f447-4bf7-9dc3-c2a427fd5c1c",
              "isHook": false,
              "skipped": false
            },
            {
              "title": "Upload Excel and Convert to C# [C4]",
              "fullTitle": "Excel File Uploader & Converter Upload Excel and Convert to C# [C4]",
              "timedOut": null,
              "duration": 10894,
              "state": "failed",
              "speed": null,
              "pass": false,
              "fail": true,
              "pending": false,
              "context": null,
              "code": "cy.get('[data-testid=\"variable-name-input-field\"]').should('be.visible').type('C#Variable').should('have.value', 'C#Variable');\ncy.get('button[role=\"combobox\"]').click();\ncy.get('select').select('C#', {\n  force: true\n});\ncy.get('span[data-slot=\"select-value\"]').should('have.text', 'C#');\n// Upload the Excel file\ncy.get('input[type=\"file\"]').selectFile('cypress/fixtures/2Game_of_Thrones_Cast_List_with_Earnings.xlsx', {\n  force: true\n});\ncy.get('[data-testid=\"totalEntries_count\"]').should('be.visible');",
              "err": {
                "message": "AssertionError: Timed out retrying after 10000ms: Expected to find element: `[data-testid=\"totalEntries_count\"]`, but never found it.",
                "estack": "AssertionError: Timed out retrying after 10000ms: Expected to find element: `[data-testid=\"totalEntries_count\"]`, but never found it.\n    at Context.eval (webpack://xlxconvertcompare/./cypress/e2e/excelConverter.cy.js:41:55)",
                "diff": null
              },
              "uuid": "f86123aa-9967-4d99-987b-7a8bf155596e",
              "parentUUID": "ba5fdd2d-f447-4bf7-9dc3-c2a427fd5c1c",
              "isHook": false,
              "skipped": false
            },
            {
              "title": "Upload Excel and Convert to TypeScript [C3]",
              "fullTitle": "Excel File Uploader & Converter Upload Excel and Convert to TypeScript [C3]",
              "timedOut": null,
              "duration": 10795,
              "state": "failed",
              "speed": null,
              "pass": false,
              "fail": true,
              "pending": false,
              "context": null,
              "code": "cy.get('[data-testid=\"variable-name-input-field\"]').should('be.visible').type('TSVariable').should('have.value', 'TSVariable');\ncy.get('button[role=\"combobox\"]').click();\ncy.get('select').select('TypeScript#', {\n  force: true\n});\ncy.get('span[data-slot=\"select-value\"]').should('have.text', 'TypeScript#');\n// Upload the Excel file\ncy.get('input[type=\"file\"]').selectFile('cypress/fixtures/2Game_of_Thrones_Cast_List_with_Earnings.xlsx', {\n  force: true\n});\ncy.get('[data-testid=\"totalEntries_count\"]').should('be.visible');",
              "err": {
                "message": "CypressError: Timed out retrying after 10000ms: `cy.select()` failed because it could not find a single `<option>` with value, index, or text matching: `TypeScript#`\n\nhttps://on.cypress.io/select",
                "estack": "CypressError: Timed out retrying after 10000ms: `cy.select()` failed because it could not find a single `<option>` with value, index, or text matching: `TypeScript#`\n\nhttps://on.cypress.io/select\n    at getOptions (http://localhost:3000/__cypress/runner/cypress_runner.js:113306:72)\n    at tryCatcher (http://localhost:3000/__cypress/runner/cypress_runner.js:1777:23)\n    at Promise.attempt.Promise.try (http://localhost:3000/__cypress/runner/cypress_runner.js:4285:29)\n    at retryOptions (http://localhost:3000/__cypress/runner/cypress_runner.js:113338:70)\n    at tryCatcher (http://localhost:3000/__cypress/runner/cypress_runner.js:1777:23)\n    at Promise.attempt.Promise.try (http://localhost:3000/__cypress/runner/cypress_runner.js:4285:29)\n    at whenStable (http://localhost:3000/__cypress/runner/cypress_runner.js:144517:68)\n    at <unknown> (http://localhost:3000/__cypress/runner/cypress_runner.js:144458:14)\n    at tryCatcher (http://localhost:3000/__cypress/runner/cypress_runner.js:1777:23)\n    at Promise._settlePromiseFromHandler (http://localhost:3000/__cypress/runner/cypress_runner.js:1489:31)\n    at Promise._settlePromise (http://localhost:3000/__cypress/runner/cypress_runner.js:1546:18)\n    at Promise._settlePromise0 (http://localhost:3000/__cypress/runner/cypress_runner.js:1591:10)\n    at Promise._settlePromises (http://localhost:3000/__cypress/runner/cypress_runner.js:1671:18)\n    at Promise._fulfill (http://localhost:3000/__cypress/runner/cypress_runner.js:1615:18)\n    at <unknown> (http://localhost:3000/__cypress/runner/cypress_runner.js:5420:46)",
                "diff": null
              },
              "uuid": "1d094bfc-807a-41fc-b704-02e20f3d8278",
              "parentUUID": "ba5fdd2d-f447-4bf7-9dc3-c2a427fd5c1c",
              "isHook": false,
              "skipped": false
            },
            {
              "title": "Upload Excel and Convert to Python [C5]",
              "fullTitle": "Excel File Uploader & Converter Upload Excel and Convert to Python [C5]",
              "timedOut": null,
              "duration": 239,
              "state": "passed",
              "speed": "fast",
              "pass": true,
              "fail": false,
              "pending": false,
              "context": null,
              "code": "",
              "err": {},
              "uuid": "414d11b3-b602-4958-82c5-af5d2396b5ae",
              "parentUUID": "ba5fdd2d-f447-4bf7-9dc3-c2a427fd5c1c",
              "isHook": false,
              "skipped": false
            },
            {
              "title": "Upload Excel and Convert to Any format and switch [C6]",
              "fullTitle": "Excel File Uploader & Converter Upload Excel and Convert to Any format and switch [C6]",
              "timedOut": null,
              "duration": 181,
              "state": "passed",
              "speed": "fast",
              "pass": true,
              "fail": false,
              "pending": false,
              "context": null,
              "code": "",
              "err": {},
              "uuid": "bfce2c57-d31b-4c78-ad7f-d63d55e1f369",
              "parentUUID": "ba5fdd2d-f447-4bf7-9dc3-c2a427fd5c1c",
              "isHook": false,
              "skipped": false
            }
          ],
          "suites": [],
          "passes": [
            "414d11b3-b602-4958-82c5-af5d2396b5ae",
            "bfce2c57-d31b-4c78-ad7f-d63d55e1f369"
          ],
          "failures": [
            "dac95024-d83a-4941-b37a-dc662ea6a546",
            "3d0b09c4-d3c6-4eff-b245-bafc69460725",
            "f86123aa-9967-4d99-987b-7a8bf155596e",
            "1d094bfc-807a-41fc-b704-02e20f3d8278"
          ],
          "pending": [],
          "skipped": [],
          "duration": 43333,
          "root": false,
          "rootEmpty": false,
          "_timeout": 2000
        }
      ],
      "passes": [],
      "failures": [],
      "pending": [],
      "skipped": [],
      "duration": 0,
      "root": true,
      "rootEmpty": true,
      "_timeout": 2000
    }
  ],
  "meta": {
    "mocha": {
      "version": "7.0.1"
    },
    "mochawesome": {
      "options": {
        "quiet": false,
        "reportFilename": "mochawesome",
        "saveHtml": false,
        "saveJson": true,
        "consoleReporter": "spec",
        "useInlineDiffs": false,
        "code": true
      },
      "version": "7.1.3"
    },
    "marge": {
      "options": {
        "reportDir": "cypress/reports/.jsons",
        "overwrite": false,
        "html": false,
        "json": true
      },
      "version": "6.2.0"
    }
  }
}